<?xml version="1.0" encoding="UTF-8"?>
<!-- Generated by org.testng.reporters.JUnitReportReporter -->
<testsuite hostname="DESKTOP-HSAPT3H" failures="0" tests="4" name="com.sweetcart.tests.LoginTest" time="64.956" errors="0" timestamp="2026-04-27T20:14:18 IST" skipped="0">
  <testcase classname="com.sweetcart.tests.LoginTest" name="testLogin" time="13.218"/>
  <testcase classname="com.sweetcart.tests.LoginTest" name="testLogin" time="19.506"/>
  <testcase classname="com.sweetcart.tests.LoginTest" name="testLogin" time="10.646"/>
  <testcase classname="com.sweetcart.tests.LoginTest" name="testLogin" time="21.586"/>
</testsuite> <!-- com.sweetcart.tests.LoginTest -->
