<?xml version="1.0" encoding="UTF-8"?>
<!-- Generated by org.testng.reporters.JUnitXMLReporter -->
<testsuite ignored="0" hostname="DESKTOP-HSAPT3H" failures="0" tests="8" name="Regression" time="119.985" errors="0" timestamp="2026-04-27T20:14:18 IST">
  <testcase classname="com.sweetcart.tests.LoginTest" name="testLogin" time="3.141"/>
  <testcase classname="com.sweetcart.tests.LoginTest" name="testLogin" time="9.683"/>
  <testcase classname="com.sweetcart.tests.LoginTest" name="testLogin" time="2.155"/>
  <testcase classname="com.sweetcart.tests.LoginTest" name="testLogin" time="1.927"/>
  <testcase classname="com.sweetcart.tests.NavigationTest" name="testNavigationModule" time="0.883"/>
  <testcase classname="com.sweetcart.tests.ProductTest" name="testProductModule" time="3.283"/>
  <testcase classname="com.sweetcart.tests.BasketTest" name="testBasketFlow" time="14.58"/>
  <testcase classname="com.sweetcart.tests.AccountTest" name="testAccountAndOrderHistory" time="2.321"/>
</testsuite> <!-- Regression -->
