<?xml version="1.0" encoding="UTF-8"?>
<!-- Generated by org.testng.reporters.JUnitXMLReporter -->
<testsuite ignored="0" hostname="DESKTOP-HSAPT3H" failures="0" tests="4" name="Default test" time="62.672" errors="0" timestamp="2026-04-27T19:54:11 IST">
  <testcase classname="com.sweetcart.tests.LoginTest" name="testLogin" time="2.524"/>
  <testcase classname="com.sweetcart.tests.LoginTest" name="testLogin" time="1.813"/>
  <testcase classname="com.sweetcart.tests.LoginTest" name="testLogin" time="2.876"/>
  <testcase classname="com.sweetcart.tests.LoginTest" name="testLogin" time="1.309"/>
</testsuite> <!-- Default test -->
